ERROR - 2022-07-06 03:24:39 --> Error connecting to the database: Access denied for user ''@'localhost' (using password: NO)
CRITICAL - 2022-07-06 03:24:39 --> Unable to connect to the database.
Main connection [MySQLi]: Access denied for user ''@'localhost' (using password: NO)
#0 /home/ruap8776/public_html/myapi/system/Database/BaseConnection.php(577): CodeIgniter\Database\BaseConnection->initialize()
#1 /home/ruap8776/public_html/myapi/system/Database/BaseBuilder.php(1455): CodeIgniter\Database\BaseConnection->query('SELECT *\nFROM `...', Array, false)
#2 /home/ruap8776/public_html/myapi/system/Model.php(183): CodeIgniter\Database\BaseBuilder->get()
#3 /home/ruap8776/public_html/myapi/system/BaseModel.php(584): CodeIgniter\Model->doFindAll(0, 0)
#4 /home/ruap8776/public_html/myapi/app/Controllers/Users.php(16): CodeIgniter\BaseModel->findAll()
#5 /home/ruap8776/public_html/myapi/system/CodeIgniter.php(832): App\Controllers\Users->getAllUser()
#6 /home/ruap8776/public_html/myapi/system/CodeIgniter.php(419): CodeIgniter\CodeIgniter->runController(Object(App\Controllers\Users))
#7 /home/ruap8776/public_html/myapi/system/CodeIgniter.php(326): CodeIgniter\CodeIgniter->handleRequest(NULL, Object(Config\Cache), false)
#8 /home/ruap8776/public_html/myapi/index.php(37): CodeIgniter\CodeIgniter->run()
#9 {main}
ERROR - 2022-07-06 03:25:19 --> Error connecting to the database: Access denied for user ''@'localhost' (using password: NO)
CRITICAL - 2022-07-06 03:25:19 --> Unable to connect to the database.
Main connection [MySQLi]: Access denied for user ''@'localhost' (using password: NO)
#0 /home/ruap8776/public_html/myapi/system/Database/BaseConnection.php(577): CodeIgniter\Database\BaseConnection->initialize()
#1 /home/ruap8776/public_html/myapi/system/Database/BaseBuilder.php(1455): CodeIgniter\Database\BaseConnection->query('SELECT *\nFROM `...', Array, false)
#2 /home/ruap8776/public_html/myapi/system/Model.php(183): CodeIgniter\Database\BaseBuilder->get()
#3 /home/ruap8776/public_html/myapi/system/BaseModel.php(584): CodeIgniter\Model->doFindAll(0, 0)
#4 /home/ruap8776/public_html/myapi/app/Controllers/Users.php(16): CodeIgniter\BaseModel->findAll()
#5 /home/ruap8776/public_html/myapi/system/CodeIgniter.php(832): App\Controllers\Users->getAllUser()
#6 /home/ruap8776/public_html/myapi/system/CodeIgniter.php(419): CodeIgniter\CodeIgniter->runController(Object(App\Controllers\Users))
#7 /home/ruap8776/public_html/myapi/system/CodeIgniter.php(326): CodeIgniter\CodeIgniter->handleRequest(NULL, Object(Config\Cache), false)
#8 /home/ruap8776/public_html/myapi/index.php(37): CodeIgniter\CodeIgniter->run()
#9 {main}
ERROR - 2022-07-06 03:25:31 --> Error connecting to the database: Access denied for user ''@'localhost' (using password: NO)
CRITICAL - 2022-07-06 03:25:31 --> Unable to connect to the database.
Main connection [MySQLi]: Access denied for user ''@'localhost' (using password: NO)
#0 /home/ruap8776/public_html/myapi/system/Database/BaseConnection.php(577): CodeIgniter\Database\BaseConnection->initialize()
#1 /home/ruap8776/public_html/myapi/system/Database/BaseBuilder.php(1455): CodeIgniter\Database\BaseConnection->query('SELECT *\nFROM `...', Array, false)
#2 /home/ruap8776/public_html/myapi/system/Model.php(183): CodeIgniter\Database\BaseBuilder->get()
#3 /home/ruap8776/public_html/myapi/system/BaseModel.php(584): CodeIgniter\Model->doFindAll(0, 0)
#4 /home/ruap8776/public_html/myapi/app/Controllers/Users.php(16): CodeIgniter\BaseModel->findAll()
#5 /home/ruap8776/public_html/myapi/system/CodeIgniter.php(832): App\Controllers\Users->getAllUser()
#6 /home/ruap8776/public_html/myapi/system/CodeIgniter.php(419): CodeIgniter\CodeIgniter->runController(Object(App\Controllers\Users))
#7 /home/ruap8776/public_html/myapi/system/CodeIgniter.php(326): CodeIgniter\CodeIgniter->handleRequest(NULL, Object(Config\Cache), false)
#8 /home/ruap8776/public_html/myapi/index.php(37): CodeIgniter\CodeIgniter->run()
#9 {main}
